2021-03-03 23:32:52 INFO     ['admin', 'config', 'local', 'mystory']
2021-03-03 23:32:55 INFO     register success
2021-03-03 23:32:55 INFO     register success
2021-03-03 23:32:55 INFO     delete user success
2021-03-03 23:32:55 INFO     register success
2021-03-03 23:32:55 INFO     login success
2021-03-03 23:32:55 INFO     delete user success
2021-03-03 23:32:55 INFO     login success
2021-03-03 23:32:55 INFO     register success
2021-03-03 23:32:55 INFO     register success
2021-03-03 23:32:58 INFO     register success
2021-03-03 23:32:58 INFO     register success
2021-03-03 23:32:58 INFO     delete user success
2021-03-03 23:32:58 INFO     register success
2021-03-03 23:32:58 INFO     login success
2021-03-03 23:32:58 INFO     delete user success
2021-03-03 23:32:58 INFO     login success
2021-03-03 23:32:58 INFO     register success
2021-03-03 23:32:58 INFO     register success
2021-03-03 23:35:29 INFO     upload success
2021-03-03 23:35:29 INFO     register success
2021-03-03 23:35:29 INFO     register success
2021-03-03 23:35:29 INFO     delete user success
2021-03-03 23:35:29 INFO     register success
2021-03-03 23:35:29 INFO     login success
2021-03-03 23:35:29 INFO     delete user success
2021-03-03 23:35:29 INFO     login success
2021-03-03 23:35:29 INFO     register success
2021-03-03 23:35:30 INFO     confirm success
2021-03-03 23:35:30 INFO     confirm success
2021-03-03 23:35:30 INFO     delete success
2021-03-03 23:35:30 INFO     delete success
2021-03-03 23:35:30 INFO     delete user success
2021-03-03 23:35:30 INFO     register success
2021-03-03 23:35:30 INFO     confirm success
2021-03-03 23:35:30 INFO     confirm success
2021-03-03 23:35:30 INFO     load success
2021-03-03 23:35:30 INFO     delete success
2021-03-03 23:35:30 INFO     delete success
2021-03-03 23:35:30 INFO     delete user success
